<?xml version="1.0" encoding="UTF-8" ?>
<testsuite tests="12" failures="0" name="TestSuite" time="5.116" errors="0" skipped="0">
  <properties>
[...]
</properties>
  <testcase classname="chuji.StudentTest" name="testWolf" time="0.03"/>
  <testcase classname="chuji.sonTest" name="testName" time="0.004"/>
  <testcase classname="chuji.suanfaTest" name="testJiafa" time="0.004"/>
  <testcase classname="chuji.suanfaTest" name="testChufa" time="0"/>
  <testcase classname="chuji.suanfaTesttwo" name="testJiafa" time="0"/>
  <testcase classname="chuji.suanfaTesttwo" name="testChaoShi" time="5.037"/>
  <testcase classname="chuji.testngzhuanyong" name="testone" time="0"/>
  <testcase classname="chuji.testngzhuanyong" name="testtwo" time="0"/>
  <testcase classname="chuji.testngzhuanyong" name="testfour" time="0"/>
  <testcase classname="chuji.testngzhuanyong" name="testfive" time="0"/>
  <testcase classname="chuji.testngzhuanyong" name="testsix" time="0"/>
  <testcase classname="mockito.AccountLoginontrollerTest" name="testLogin" time="0.041"/>
</testsuite>